INFO    2021-04-12 20:08:34 [main] Lesson2.Server.service.Server (Server.java:26) - Server starting...
INFO    2021-04-12 20:08:34 [main] Lesson2.Server.service.Server (Server.java:32) - Server ready.
INFO    2021-04-12 20:09:40 [main] Lesson2.Server.service.Server (Server.java:35) - Client Connecting..
INFO    2021-04-12 20:09:51 [pool-1-thread-1] Lesson2.Server.service.ClientHandler (ClientHandler.java:52) - Somebody sent to server message: /auth A A
DEBUG   2021-04-12 20:09:51 [pool-1-thread-1] Lesson2.Server.service.DataBaseService (DataBaseService.java:116) - select Nickname from Users where Login = 'A'and Password ='A';
INFO    2021-04-12 20:09:51 [pool-1-thread-1] Lesson2.Server.service.ClientHandler (ClientHandler.java:145) - Client Alexus authorized
INFO    2021-04-12 20:10:03 [pool-1-thread-1] Lesson2.Server.service.ClientHandler (ClientHandler.java:71) - Alexus sent message to server : text
INFO    2021-04-12 20:10:19 [pool-1-thread-1] Lesson2.Server.service.ClientHandler (ClientHandler.java:71) - Alexus sent message to server : /q
INFO    2021-04-12 20:10:19 [pool-1-thread-1] Lesson2.Server.service.Server (Server.java:93) - Alexus disconnected
INFO    2021-04-12 20:10:22 [main] Lesson2.Server.service.Server (Server.java:35) - Client Connecting..
INFO    2021-04-12 20:10:24 [pool-1-thread-1] Lesson2.Server.service.ClientHandler (ClientHandler.java:52) - Somebody sent to server message: /q
ERROR   2021-04-12 20:10:24 [pool-1-thread-1] Lesson2.Server.service.ClientHandler (ClientHandler.java:62) - Socket for client error: java.io.EOFException
ERROR   2021-04-12 20:10:24 [pool-1-thread-1] Lesson2.Server.service.ClientHandler (ClientHandler.java:94) - Read message IO error: java.io.EOFException
INFO    2021-04-12 20:11:42 [main] Lesson2.Server.service.Server (Server.java:35) - Client Connecting..
INFO    2021-04-12 20:11:47 [main] Lesson2.Server.service.Server (Server.java:26) - Server starting...
INFO    2021-04-12 20:11:47 [main] Lesson2.Server.service.Server (Server.java:32) - Server ready.
INFO    2021-04-12 20:12:15 [main] Lesson2.Server.service.Server (Server.java:35) - Client Connecting..
INFO    2021-04-12 20:12:18 [pool-1-thread-1] Lesson2.Server.service.ClientHandler (ClientHandler.java:52) - Somebody sent to server message: /auth A A
DEBUG   2021-04-12 20:12:18 [pool-1-thread-1] Lesson2.Server.service.DataBaseService (DataBaseService.java:116) - select Nickname from Users where Login = 'A'and Password ='A';
INFO    2021-04-12 20:12:18 [pool-1-thread-1] Lesson2.Server.service.ClientHandler (ClientHandler.java:145) - Client Alexus authorized
INFO    2021-04-12 20:12:46 [pool-1-thread-1] Lesson2.Server.service.ClientHandler (ClientHandler.java:71) - Alexus sent message to server : text
INFO    2021-04-12 20:17:18 [main] Lesson2.Server.service.Server (Server.java:26) - Server starting...
INFO    2021-04-12 20:17:18 [main] Lesson2.Server.service.Server (Server.java:32) - Server ready.
INFO    2021-04-12 20:18:48 [main] Lesson2.Server.service.Server (Server.java:26) - Server starting...
INFO    2021-04-12 20:18:48 [main] Lesson2.Server.service.Server (Server.java:32) - Server ready.
INFO    2021-04-12 20:20:31 [main] Lesson2.Server.service.Server (Server.java:26) - Server starting...
INFO    2021-04-12 20:20:31 [main] Lesson2.Server.service.Server (Server.java:32) - Server ready.
INFO    2021-04-12 20:20:49 [main] Lesson2.Server.service.Server (Server.java:26) - Server starting...
INFO    2021-04-12 20:20:49 [main] Lesson2.Server.service.Server (Server.java:32) - Server ready.
INFO    2021-04-12 20:21:08 [main] Lesson2.Server.service.Server (Server.java:35) - Client Connecting..
INFO    2021-04-12 20:21:10 [pool-1-thread-1] Lesson2.Server.service.ClientHandler (ClientHandler.java:52) - Somebody sent to server message: /auth A A
DEBUG   2021-04-12 20:21:11 [pool-1-thread-1] Lesson2.Server.service.DataBaseService (DataBaseService.java:116) - select Nickname from Users where Login = 'A'and Password ='A';
INFO    2021-04-12 20:21:11 [pool-1-thread-1] Lesson2.Server.service.ClientHandler (ClientHandler.java:145) - Client Alexus authorized
INFO    2021-04-12 20:21:14 [main] Lesson2.Server.service.Server (Server.java:35) - Client Connecting..
INFO    2021-04-12 20:21:26 [pool-1-thread-2] Lesson2.Server.service.ClientHandler (ClientHandler.java:52) - Somebody sent to server message: /q
ERROR   2021-04-12 20:21:26 [pool-1-thread-2] Lesson2.Server.service.ClientHandler (ClientHandler.java:62) - Socket for client error: java.io.EOFException
ERROR   2021-04-12 20:21:26 [pool-1-thread-2] Lesson2.Server.service.ClientHandler (ClientHandler.java:94) - Read message IO error: java.io.EOFException
INFO    2021-04-12 20:21:35 [pool-1-thread-1] Lesson2.Server.service.ClientHandler (ClientHandler.java:71) - Alexus sent message to server : /q
INFO    2021-04-12 20:21:35 [pool-1-thread-1] Lesson2.Server.service.Server (Server.java:93) - Alexus disconnected
INFO    2021-04-12 20:54:00 [main] Lesson2.Server.service.Server (Server.java:35) - Client Connecting..
INFO    2021-04-12 20:54:01 [pool-1-thread-3] Lesson2.Server.service.ClientHandler (ClientHandler.java:52) - Somebody sent to server message: /q
ERROR   2021-04-12 20:54:01 [pool-1-thread-3] Lesson2.Server.service.ClientHandler (ClientHandler.java:62) - Socket for client error: java.io.EOFException
ERROR   2021-04-12 20:54:01 [pool-1-thread-3] Lesson2.Server.service.ClientHandler (ClientHandler.java:94) - Read message IO error: java.io.EOFException
